{"D:\\Cursos\\node-dev\\05-noc\\src\\config\\plugins\\envs.plugins.ts": {"path":"D:\\Cursos\\node-dev\\05-noc\\src\\config\\plugins\\envs.plugins.ts","all":false,"statementMap":{"0":{"start":{"line":1,"column":0},"end":{"line":1,"column":23}},"1":{"start":{"line":2,"column":0},"end":{"line":2,"column":31}},"2":{"start":{"line":3,"column":0},"end":{"line":3,"column":0}},"3":{"start":{"line":4,"column":0},"end":{"line":4,"column":0}},"4":{"start":{"line":5,"column":0},"end":{"line":5,"column":67}},"5":{"start":{"line":6,"column":0},"end":{"line":6,"column":0}},"6":{"start":{"line":7,"column":0},"end":{"line":7,"column":21}},"7":{"start":{"line":8,"column":0},"end":{"line":8,"column":52}},"8":{"start":{"line":9,"column":0},"end":{"line":9,"column":68}},"9":{"start":{"line":10,"column":0},"end":{"line":10,"column":69}},"10":{"start":{"line":11,"column":0},"end":{"line":11,"column":74}},"11":{"start":{"line":12,"column":0},"end":{"line":12,"column":46}},"12":{"start":{"line":13,"column":0},"end":{"line":13,"column":0}},"13":{"start":{"line":14,"column":0},"end":{"line":14,"column":15}},"14":{"start":{"line":15,"column":0},"end":{"line":15,"column":58}},"15":{"start":{"line":16,"column":0},"end":{"line":16,"column":66}},"16":{"start":{"line":17,"column":0},"end":{"line":17,"column":60}},"17":{"start":{"line":18,"column":0},"end":{"line":18,"column":60}},"18":{"start":{"line":19,"column":0},"end":{"line":19,"column":1}}},"s":{"0":1,"1":1,"2":1,"3":1,"4":1,"5":1,"6":1,"7":1,"8":1,"9":1,"10":1,"11":1,"12":1,"13":1,"14":1,"15":1,"16":1,"17":1,"18":1},"branchMap":{},"b":{},"fnMap":{},"f":{}}
,"D:\\Cursos\\node-dev\\05-noc\\src\\data\\mongo\\index.ts": {"path":"D:\\Cursos\\node-dev\\05-noc\\src\\data\\mongo\\index.ts","all":false,"statementMap":{"0":{"start":{"line":1,"column":0},"end":{"line":1,"column":0}},"1":{"start":{"line":2,"column":0},"end":{"line":2,"column":0}},"2":{"start":{"line":3,"column":0},"end":{"line":3,"column":23}},"3":{"start":{"line":4,"column":0},"end":{"line":4,"column":35}}},"s":{"0":1,"1":1,"2":1,"3":1},"branchMap":{},"b":{},"fnMap":{},"f":{}}
,"D:\\Cursos\\node-dev\\05-noc\\src\\data\\mongo\\init.ts": {"path":"D:\\Cursos\\node-dev\\05-noc\\src\\data\\mongo\\init.ts","all":false,"statementMap":{"0":{"start":{"line":1,"column":0},"end":{"line":1,"column":32}},"1":{"start":{"line":2,"column":0},"end":{"line":2,"column":0}},"2":{"start":{"line":3,"column":0},"end":{"line":3,"column":0}},"3":{"start":{"line":4,"column":0},"end":{"line":4,"column":29}},"4":{"start":{"line":5,"column":0},"end":{"line":5,"column":21}},"5":{"start":{"line":6,"column":0},"end":{"line":6,"column":19}},"6":{"start":{"line":7,"column":0},"end":{"line":7,"column":1}},"7":{"start":{"line":8,"column":0},"end":{"line":8,"column":0}},"8":{"start":{"line":9,"column":0},"end":{"line":9,"column":0}},"9":{"start":{"line":10,"column":0},"end":{"line":10,"column":28}},"10":{"start":{"line":11,"column":0},"end":{"line":11,"column":56}},"11":{"start":{"line":12,"column":0},"end":{"line":12,"column":45}},"12":{"start":{"line":13,"column":0},"end":{"line":13,"column":0}},"13":{"start":{"line":14,"column":0},"end":{"line":14,"column":13}},"14":{"start":{"line":15,"column":0},"end":{"line":15,"column":12}},"15":{"start":{"line":16,"column":0},"end":{"line":16,"column":47}},"16":{"start":{"line":17,"column":0},"end":{"line":17,"column":31}},"17":{"start":{"line":18,"column":0},"end":{"line":18,"column":15}},"18":{"start":{"line":19,"column":0},"end":{"line":19,"column":24}},"19":{"start":{"line":20,"column":0},"end":{"line":20,"column":46}},"20":{"start":{"line":21,"column":0},"end":{"line":21,"column":25}},"21":{"start":{"line":22,"column":0},"end":{"line":22,"column":0}},"22":{"start":{"line":23,"column":0},"end":{"line":23,"column":36}},"23":{"start":{"line":24,"column":0},"end":{"line":24,"column":9}},"24":{"start":{"line":25,"column":0},"end":{"line":25,"column":0}},"25":{"start":{"line":26,"column":0},"end":{"line":26,"column":5}},"26":{"start":{"line":27,"column":0},"end":{"line":27,"column":1}}},"s":{"0":1,"1":1,"2":1,"3":1,"4":1,"5":1,"6":1,"7":1,"8":1,"9":1,"10":1,"11":4,"12":4,"13":4,"14":4,"15":4,"16":4,"17":4,"18":3,"19":3,"20":3,"21":1,"22":1,"23":1,"24":4,"25":4,"26":1},"branchMap":{"0":{"type":"branch","line":11,"loc":{"start":{"line":11,"column":17},"end":{"line":26,"column":5}},"locations":[{"start":{"line":11,"column":17},"end":{"line":26,"column":5}}]},"1":{"type":"branch","line":19,"loc":{"start":{"line":19,"column":-2},"end":{"line":24,"column":9}},"locations":[{"start":{"line":19,"column":-2},"end":{"line":24,"column":9}}]},"2":{"type":"branch","line":21,"loc":{"start":{"line":21,"column":10},"end":{"line":24,"column":9}},"locations":[{"start":{"line":21,"column":10},"end":{"line":24,"column":9}}]}},"b":{"0":[4],"1":[3],"2":[1]},"fnMap":{"0":{"name":"connect","decl":{"start":{"line":11,"column":17},"end":{"line":26,"column":5}},"loc":{"start":{"line":11,"column":17},"end":{"line":26,"column":5}},"line":11}},"f":{"0":4}}
,"D:\\Cursos\\node-dev\\05-noc\\src\\data\\mongo\\models\\log.model.ts": {"path":"D:\\Cursos\\node-dev\\05-noc\\src\\data\\mongo\\models\\log.model.ts","all":false,"statementMap":{"0":{"start":{"line":1,"column":0},"end":{"line":1,"column":32}},"1":{"start":{"line":2,"column":0},"end":{"line":2,"column":0}},"2":{"start":{"line":3,"column":0},"end":{"line":3,"column":39}},"3":{"start":{"line":4,"column":0},"end":{"line":4,"column":4}},"4":{"start":{"line":5,"column":0},"end":{"line":5,"column":14}},"5":{"start":{"line":6,"column":0},"end":{"line":6,"column":21}},"6":{"start":{"line":7,"column":0},"end":{"line":7,"column":22}},"7":{"start":{"line":8,"column":0},"end":{"line":8,"column":6}},"8":{"start":{"line":9,"column":0},"end":{"line":9,"column":12}},"9":{"start":{"line":10,"column":0},"end":{"line":10,"column":21}},"10":{"start":{"line":11,"column":0},"end":{"line":11,"column":6}},"11":{"start":{"line":12,"column":0},"end":{"line":12,"column":12}},"12":{"start":{"line":13,"column":0},"end":{"line":13,"column":21}},"13":{"start":{"line":14,"column":0},"end":{"line":14,"column":38}},"14":{"start":{"line":15,"column":0},"end":{"line":15,"column":23}},"15":{"start":{"line":16,"column":0},"end":{"line":16,"column":6}},"16":{"start":{"line":17,"column":0},"end":{"line":17,"column":16}},"17":{"start":{"line":18,"column":0},"end":{"line":18,"column":19}},"18":{"start":{"line":19,"column":0},"end":{"line":19,"column":26}},"19":{"start":{"line":20,"column":0},"end":{"line":20,"column":6}},"20":{"start":{"line":21,"column":0},"end":{"line":21,"column":3}},"21":{"start":{"line":22,"column":0},"end":{"line":22,"column":0}},"22":{"start":{"line":23,"column":0},"end":{"line":23,"column":58}}},"s":{"0":1,"1":1,"2":1,"3":1,"4":1,"5":1,"6":1,"7":1,"8":1,"9":1,"10":1,"11":1,"12":1,"13":1,"14":1,"15":1,"16":1,"17":1,"18":1,"19":1,"20":1,"21":1,"22":1},"branchMap":{},"b":{},"fnMap":{},"f":{}}
,"D:\\Cursos\\node-dev\\05-noc\\src\\domain\\entities\\log.entity.ts": {"path":"D:\\Cursos\\node-dev\\05-noc\\src\\domain\\entities\\log.entity.ts","all":false,"statementMap":{"0":{"start":{"line":1,"column":0},"end":{"line":1,"column":0}},"1":{"start":{"line":2,"column":0},"end":{"line":2,"column":30}},"2":{"start":{"line":3,"column":0},"end":{"line":3,"column":20}},"3":{"start":{"line":4,"column":0},"end":{"line":4,"column":23}},"4":{"start":{"line":5,"column":0},"end":{"line":5,"column":21}},"5":{"start":{"line":6,"column":0},"end":{"line":6,"column":1}},"6":{"start":{"line":7,"column":0},"end":{"line":7,"column":0}},"7":{"start":{"line":8,"column":0},"end":{"line":8,"column":35}},"8":{"start":{"line":9,"column":0},"end":{"line":9,"column":28}},"9":{"start":{"line":10,"column":0},"end":{"line":10,"column":20}},"10":{"start":{"line":11,"column":0},"end":{"line":11,"column":19}},"11":{"start":{"line":12,"column":0},"end":{"line":12,"column":21}},"12":{"start":{"line":13,"column":0},"end":{"line":13,"column":1}},"13":{"start":{"line":14,"column":0},"end":{"line":14,"column":0}},"14":{"start":{"line":15,"column":0},"end":{"line":15,"column":24}},"15":{"start":{"line":16,"column":0},"end":{"line":16,"column":0}},"16":{"start":{"line":17,"column":0},"end":{"line":17,"column":43}},"17":{"start":{"line":18,"column":0},"end":{"line":18,"column":27}},"18":{"start":{"line":19,"column":0},"end":{"line":19,"column":27}},"19":{"start":{"line":20,"column":0},"end":{"line":20,"column":26}},"20":{"start":{"line":21,"column":0},"end":{"line":21,"column":0}},"21":{"start":{"line":22,"column":0},"end":{"line":22,"column":46}},"22":{"start":{"line":23,"column":0},"end":{"line":23,"column":75}},"23":{"start":{"line":24,"column":0},"end":{"line":24,"column":34}},"24":{"start":{"line":25,"column":0},"end":{"line":25,"column":32}},"25":{"start":{"line":26,"column":0},"end":{"line":26,"column":37}},"26":{"start":{"line":27,"column":0},"end":{"line":27,"column":33}},"27":{"start":{"line":28,"column":0},"end":{"line":28,"column":5}},"28":{"start":{"line":29,"column":0},"end":{"line":29,"column":0}},"29":{"start":{"line":30,"column":0},"end":{"line":30,"column":54}},"30":{"start":{"line":31,"column":0},"end":{"line":31,"column":44}},"31":{"start":{"line":32,"column":0},"end":{"line":32,"column":8}},"32":{"start":{"line":33,"column":0},"end":{"line":33,"column":72}},"33":{"start":{"line":34,"column":0},"end":{"line":34,"column":0}},"34":{"start":{"line":35,"column":0},"end":{"line":35,"column":35}},"35":{"start":{"line":36,"column":0},"end":{"line":36,"column":29}},"36":{"start":{"line":37,"column":0},"end":{"line":37,"column":25}},"37":{"start":{"line":38,"column":0},"end":{"line":38,"column":43}},"38":{"start":{"line":39,"column":0},"end":{"line":39,"column":27}},"39":{"start":{"line":40,"column":0},"end":{"line":40,"column":11}},"40":{"start":{"line":41,"column":0},"end":{"line":41,"column":0}},"41":{"start":{"line":42,"column":0},"end":{"line":42,"column":19}},"42":{"start":{"line":43,"column":0},"end":{"line":43,"column":0}},"43":{"start":{"line":44,"column":0},"end":{"line":44,"column":6}},"44":{"start":{"line":45,"column":0},"end":{"line":45,"column":0}},"45":{"start":{"line":46,"column":0},"end":{"line":46,"column":49}},"46":{"start":{"line":47,"column":0},"end":{"line":47,"column":0}},"47":{"start":{"line":48,"column":0},"end":{"line":48,"column":73}},"48":{"start":{"line":49,"column":0},"end":{"line":49,"column":61}},"49":{"start":{"line":50,"column":0},"end":{"line":50,"column":35}},"50":{"start":{"line":51,"column":0},"end":{"line":51,"column":45}},"51":{"start":{"line":52,"column":0},"end":{"line":52,"column":11}},"52":{"start":{"line":53,"column":0},"end":{"line":53,"column":19}},"53":{"start":{"line":54,"column":0},"end":{"line":54,"column":5}},"54":{"start":{"line":55,"column":0},"end":{"line":55,"column":1}}},"s":{"0":1,"1":3,"2":3,"3":3,"4":3,"5":3,"6":1,"7":1,"8":1,"9":1,"10":1,"11":1,"12":1,"13":1,"14":1,"15":1,"16":1,"17":1,"18":1,"19":1,"20":1,"21":1,"22":18,"23":18,"24":18,"25":18,"26":18,"27":18,"28":1,"29":1,"30":8,"31":8,"32":8,"33":8,"34":8,"35":8,"36":8,"37":8,"38":8,"39":8,"40":8,"41":8,"42":8,"43":8,"44":1,"45":1,"46":1,"47":1,"48":2,"49":2,"50":2,"51":2,"52":2,"53":2,"54":1},"branchMap":{"0":{"type":"branch","line":2,"loc":{"start":{"line":2,"column":0},"end":{"line":6,"column":1}},"locations":[{"start":{"line":2,"column":0},"end":{"line":6,"column":1}}]},"1":{"type":"branch","line":22,"loc":{"start":{"line":22,"column":4},"end":{"line":28,"column":5}},"locations":[{"start":{"line":22,"column":4},"end":{"line":28,"column":5}}]},"2":{"type":"branch","line":30,"loc":{"start":{"line":30,"column":22},"end":{"line":44,"column":6}},"locations":[{"start":{"line":30,"column":22},"end":{"line":44,"column":6}}]},"3":{"type":"branch","line":31,"loc":{"start":{"line":31,"column":31},"end":{"line":31,"column":37}},"locations":[{"start":{"line":31,"column":31},"end":{"line":31,"column":37}}]},"4":{"type":"branch","line":31,"loc":{"start":{"line":31,"column":37},"end":{"line":31,"column":43}},"locations":[{"start":{"line":31,"column":37},"end":{"line":31,"column":43}}]},"5":{"type":"branch","line":48,"loc":{"start":{"line":48,"column":24},"end":{"line":54,"column":5}},"locations":[{"start":{"line":48,"column":24},"end":{"line":54,"column":5}}]}},"b":{"0":[3],"1":[18],"2":[8],"3":[3],"4":[5],"5":[2]},"fnMap":{"0":{"name":"LogEntity","decl":{"start":{"line":22,"column":4},"end":{"line":28,"column":5}},"loc":{"start":{"line":22,"column":4},"end":{"line":28,"column":5}},"line":22},"1":{"name":"Object.<anonymous>.LogEntity.fromJson","decl":{"start":{"line":30,"column":22},"end":{"line":44,"column":6}},"loc":{"start":{"line":30,"column":22},"end":{"line":44,"column":6}},"line":30},"2":{"name":"Object.<anonymous>.LogEntity.fromObject","decl":{"start":{"line":48,"column":24},"end":{"line":54,"column":5}},"loc":{"start":{"line":48,"column":24},"end":{"line":54,"column":5}},"line":48}},"f":{"0":18,"1":8,"2":2}}
,"D:\\Cursos\\node-dev\\05-noc\\src\\domain\\use-cases\\checks\\check-service-multiple.ts": {"path":"D:\\Cursos\\node-dev\\05-noc\\src\\domain\\use-cases\\checks\\check-service-multiple.ts","all":false,"statementMap":{"0":{"start":{"line":1,"column":0},"end":{"line":1,"column":72}},"1":{"start":{"line":2,"column":0},"end":{"line":2,"column":64}},"2":{"start":{"line":3,"column":0},"end":{"line":3,"column":0}},"3":{"start":{"line":4,"column":0},"end":{"line":4,"column":0}},"4":{"start":{"line":5,"column":0},"end":{"line":5,"column":39}},"5":{"start":{"line":6,"column":0},"end":{"line":6,"column":43}},"6":{"start":{"line":7,"column":0},"end":{"line":7,"column":1}},"7":{"start":{"line":8,"column":0},"end":{"line":8,"column":0}},"8":{"start":{"line":9,"column":0},"end":{"line":9,"column":48}},"9":{"start":{"line":10,"column":0},"end":{"line":10,"column":61}},"10":{"start":{"line":11,"column":0},"end":{"line":11,"column":0}},"11":{"start":{"line":12,"column":0},"end":{"line":12,"column":74}},"12":{"start":{"line":13,"column":0},"end":{"line":13,"column":0}},"13":{"start":{"line":14,"column":0},"end":{"line":14,"column":16}},"14":{"start":{"line":15,"column":0},"end":{"line":15,"column":56}},"15":{"start":{"line":16,"column":0},"end":{"line":16,"column":58}},"16":{"start":{"line":17,"column":0},"end":{"line":17,"column":53}},"17":{"start":{"line":18,"column":0},"end":{"line":18,"column":8}},"18":{"start":{"line":19,"column":0},"end":{"line":19,"column":0}},"19":{"start":{"line":20,"column":0},"end":{"line":20,"column":21}},"20":{"start":{"line":21,"column":0},"end":{"line":21,"column":40}},"21":{"start":{"line":22,"column":0},"end":{"line":22,"column":54}},"22":{"start":{"line":23,"column":0},"end":{"line":23,"column":39}},"23":{"start":{"line":24,"column":0},"end":{"line":24,"column":11}},"24":{"start":{"line":25,"column":0},"end":{"line":25,"column":5}},"25":{"start":{"line":26,"column":0},"end":{"line":26,"column":0}},"26":{"start":{"line":27,"column":0},"end":{"line":27,"column":58}},"27":{"start":{"line":28,"column":0},"end":{"line":28,"column":0}},"28":{"start":{"line":29,"column":0},"end":{"line":29,"column":13}},"29":{"start":{"line":30,"column":0},"end":{"line":30,"column":0}},"30":{"start":{"line":31,"column":0},"end":{"line":31,"column":43}},"31":{"start":{"line":32,"column":0},"end":{"line":32,"column":27}},"32":{"start":{"line":33,"column":0},"end":{"line":33,"column":67}},"33":{"start":{"line":34,"column":0},"end":{"line":34,"column":13}},"34":{"start":{"line":35,"column":0},"end":{"line":35,"column":0}},"35":{"start":{"line":36,"column":0},"end":{"line":36,"column":39}},"36":{"start":{"line":37,"column":0},"end":{"line":37,"column":53}},"37":{"start":{"line":38,"column":0},"end":{"line":38,"column":44}},"38":{"start":{"line":39,"column":0},"end":{"line":39,"column":46}},"39":{"start":{"line":40,"column":0},"end":{"line":40,"column":16}},"40":{"start":{"line":41,"column":0},"end":{"line":41,"column":33}},"41":{"start":{"line":42,"column":0},"end":{"line":42,"column":0}},"42":{"start":{"line":43,"column":0},"end":{"line":43,"column":59}},"43":{"start":{"line":44,"column":0},"end":{"line":44,"column":0}},"44":{"start":{"line":45,"column":0},"end":{"line":45,"column":24}},"45":{"start":{"line":46,"column":0},"end":{"line":46,"column":0}},"46":{"start":{"line":47,"column":0},"end":{"line":47,"column":25}},"47":{"start":{"line":48,"column":0},"end":{"line":48,"column":0}},"48":{"start":{"line":49,"column":0},"end":{"line":49,"column":64}},"49":{"start":{"line":50,"column":0},"end":{"line":50,"column":39}},"50":{"start":{"line":51,"column":0},"end":{"line":51,"column":39}},"51":{"start":{"line":52,"column":0},"end":{"line":52,"column":45}},"52":{"start":{"line":53,"column":0},"end":{"line":53,"column":46}},"53":{"start":{"line":54,"column":0},"end":{"line":54,"column":0}},"54":{"start":{"line":55,"column":0},"end":{"line":55,"column":33}},"55":{"start":{"line":56,"column":0},"end":{"line":56,"column":0}},"56":{"start":{"line":57,"column":0},"end":{"line":57,"column":74}},"57":{"start":{"line":58,"column":0},"end":{"line":58,"column":0}},"58":{"start":{"line":59,"column":0},"end":{"line":59,"column":25}},"59":{"start":{"line":60,"column":0},"end":{"line":60,"column":9}},"60":{"start":{"line":61,"column":0},"end":{"line":61,"column":0}},"61":{"start":{"line":62,"column":0},"end":{"line":62,"column":5}},"62":{"start":{"line":63,"column":0},"end":{"line":63,"column":1}}},"s":{"0":1,"1":1,"2":1,"3":1,"4":1,"5":1,"6":1,"7":1,"8":1,"9":1,"10":1,"11":1,"12":1,"13":1,"14":1,"15":1,"16":1,"17":1,"18":1,"19":1,"20":1,"21":2,"22":6,"23":2,"24":2,"25":1,"26":1,"27":2,"28":2,"29":2,"30":2,"31":2,"32":0,"33":0,"34":1,"35":1,"36":1,"37":1,"38":1,"39":1,"40":1,"41":1,"42":2,"43":2,"44":2,"45":2,"46":2,"47":1,"48":1,"49":1,"50":1,"51":1,"52":1,"53":1,"54":1,"55":1,"56":1,"57":1,"58":1,"59":1,"60":2,"61":2,"62":1},"branchMap":{"0":{"type":"branch","line":14,"loc":{"start":{"line":14,"column":4},"end":{"line":18,"column":8}},"locations":[{"start":{"line":14,"column":4},"end":{"line":18,"column":8}}]},"1":{"type":"branch","line":21,"loc":{"start":{"line":21,"column":12},"end":{"line":25,"column":5}},"locations":[{"start":{"line":21,"column":12},"end":{"line":25,"column":5}}]},"2":{"type":"branch","line":22,"loc":{"start":{"line":22,"column":36},"end":{"line":24,"column":9}},"locations":[{"start":{"line":22,"column":36},"end":{"line":24,"column":9}}]},"3":{"type":"branch","line":27,"loc":{"start":{"line":27,"column":17},"end":{"line":62,"column":5}},"locations":[{"start":{"line":27,"column":17},"end":{"line":62,"column":5}}]},"4":{"type":"branch","line":32,"loc":{"start":{"line":32,"column":-2},"end":{"line":32,"column":26}},"locations":[{"start":{"line":32,"column":-2},"end":{"line":32,"column":26}}]},"5":{"type":"branch","line":32,"loc":{"start":{"line":32,"column":26},"end":{"line":34,"column":13}},"locations":[{"start":{"line":32,"column":26},"end":{"line":34,"column":13}}]},"6":{"type":"branch","line":35,"loc":{"start":{"line":35,"column":-2},"end":{"line":43,"column":58}},"locations":[{"start":{"line":35,"column":-2},"end":{"line":43,"column":58}}]},"7":{"type":"branch","line":47,"loc":{"start":{"line":47,"column":10},"end":{"line":60,"column":9}},"locations":[{"start":{"line":47,"column":10},"end":{"line":60,"column":9}}]}},"b":{"0":[1],"1":[2],"2":[6],"3":[2],"4":[1],"5":[0],"6":[1],"7":[1]},"fnMap":{"0":{"name":"CheckServiceMultiple","decl":{"start":{"line":14,"column":4},"end":{"line":18,"column":8}},"loc":{"start":{"line":14,"column":4},"end":{"line":18,"column":8}},"line":14},"1":{"name":"callLogs","decl":{"start":{"line":21,"column":12},"end":{"line":25,"column":5}},"loc":{"start":{"line":21,"column":12},"end":{"line":25,"column":5}},"line":21},"2":{"name":"execute","decl":{"start":{"line":27,"column":17},"end":{"line":62,"column":5}},"loc":{"start":{"line":27,"column":17},"end":{"line":62,"column":5}},"line":27}},"f":{"0":1,"1":2,"2":2}}
,"D:\\Cursos\\node-dev\\05-noc\\src\\domain\\use-cases\\checks\\check-service.ts": {"path":"D:\\Cursos\\node-dev\\05-noc\\src\\domain\\use-cases\\checks\\check-service.ts","all":false,"statementMap":{"0":{"start":{"line":1,"column":0},"end":{"line":1,"column":72}},"1":{"start":{"line":2,"column":0},"end":{"line":2,"column":64}},"2":{"start":{"line":3,"column":0},"end":{"line":3,"column":0}},"3":{"start":{"line":4,"column":0},"end":{"line":4,"column":0}},"4":{"start":{"line":5,"column":0},"end":{"line":5,"column":31}},"5":{"start":{"line":6,"column":0},"end":{"line":6,"column":43}},"6":{"start":{"line":7,"column":0},"end":{"line":7,"column":1}},"7":{"start":{"line":8,"column":0},"end":{"line":8,"column":0}},"8":{"start":{"line":9,"column":0},"end":{"line":9,"column":48}},"9":{"start":{"line":10,"column":0},"end":{"line":10,"column":61}},"10":{"start":{"line":11,"column":0},"end":{"line":11,"column":0}},"11":{"start":{"line":12,"column":0},"end":{"line":12,"column":58}},"12":{"start":{"line":13,"column":0},"end":{"line":13,"column":0}},"13":{"start":{"line":14,"column":0},"end":{"line":14,"column":16}},"14":{"start":{"line":15,"column":0},"end":{"line":15,"column":54}},"15":{"start":{"line":16,"column":0},"end":{"line":16,"column":58}},"16":{"start":{"line":17,"column":0},"end":{"line":17,"column":53}},"17":{"start":{"line":18,"column":0},"end":{"line":18,"column":8}},"18":{"start":{"line":19,"column":0},"end":{"line":19,"column":0}},"19":{"start":{"line":20,"column":0},"end":{"line":20,"column":58}},"20":{"start":{"line":21,"column":0},"end":{"line":21,"column":0}},"21":{"start":{"line":22,"column":0},"end":{"line":22,"column":13}},"22":{"start":{"line":23,"column":0},"end":{"line":23,"column":0}},"23":{"start":{"line":24,"column":0},"end":{"line":24,"column":43}},"24":{"start":{"line":25,"column":0},"end":{"line":25,"column":27}},"25":{"start":{"line":26,"column":0},"end":{"line":26,"column":67}},"26":{"start":{"line":27,"column":0},"end":{"line":27,"column":13}},"27":{"start":{"line":28,"column":0},"end":{"line":28,"column":0}},"28":{"start":{"line":29,"column":0},"end":{"line":29,"column":39}},"29":{"start":{"line":30,"column":0},"end":{"line":30,"column":53}},"30":{"start":{"line":31,"column":0},"end":{"line":31,"column":44}},"31":{"start":{"line":32,"column":0},"end":{"line":32,"column":46}},"32":{"start":{"line":33,"column":0},"end":{"line":33,"column":46}},"33":{"start":{"line":34,"column":0},"end":{"line":34,"column":0}},"34":{"start":{"line":35,"column":0},"end":{"line":35,"column":59}},"35":{"start":{"line":36,"column":0},"end":{"line":36,"column":0}},"36":{"start":{"line":37,"column":0},"end":{"line":37,"column":24}},"37":{"start":{"line":38,"column":0},"end":{"line":38,"column":0}},"38":{"start":{"line":39,"column":0},"end":{"line":39,"column":25}},"39":{"start":{"line":40,"column":0},"end":{"line":40,"column":0}},"40":{"start":{"line":41,"column":0},"end":{"line":41,"column":64}},"41":{"start":{"line":42,"column":0},"end":{"line":42,"column":39}},"42":{"start":{"line":43,"column":0},"end":{"line":43,"column":39}},"43":{"start":{"line":44,"column":0},"end":{"line":44,"column":45}},"44":{"start":{"line":45,"column":0},"end":{"line":45,"column":46}},"45":{"start":{"line":46,"column":0},"end":{"line":46,"column":46}},"46":{"start":{"line":47,"column":0},"end":{"line":47,"column":0}},"47":{"start":{"line":48,"column":0},"end":{"line":48,"column":74}},"48":{"start":{"line":49,"column":0},"end":{"line":49,"column":0}},"49":{"start":{"line":50,"column":0},"end":{"line":50,"column":25}},"50":{"start":{"line":51,"column":0},"end":{"line":51,"column":9}},"51":{"start":{"line":52,"column":0},"end":{"line":52,"column":0}},"52":{"start":{"line":53,"column":0},"end":{"line":53,"column":5}},"53":{"start":{"line":54,"column":0},"end":{"line":54,"column":1}}},"s":{"0":1,"1":1,"2":1,"3":1,"4":1,"5":1,"6":1,"7":1,"8":1,"9":1,"10":1,"11":1,"12":1,"13":1,"14":1,"15":1,"16":1,"17":1,"18":1,"19":1,"20":2,"21":2,"22":2,"23":2,"24":2,"25":0,"26":0,"27":1,"28":1,"29":1,"30":1,"31":1,"32":1,"33":1,"34":2,"35":2,"36":2,"37":2,"38":2,"39":1,"40":1,"41":1,"42":1,"43":1,"44":1,"45":1,"46":1,"47":1,"48":1,"49":1,"50":1,"51":2,"52":2,"53":1},"branchMap":{"0":{"type":"branch","line":14,"loc":{"start":{"line":14,"column":4},"end":{"line":18,"column":8}},"locations":[{"start":{"line":14,"column":4},"end":{"line":18,"column":8}}]},"1":{"type":"branch","line":20,"loc":{"start":{"line":20,"column":17},"end":{"line":53,"column":5}},"locations":[{"start":{"line":20,"column":17},"end":{"line":53,"column":5}}]},"2":{"type":"branch","line":25,"loc":{"start":{"line":25,"column":-2},"end":{"line":25,"column":26}},"locations":[{"start":{"line":25,"column":-2},"end":{"line":25,"column":26}}]},"3":{"type":"branch","line":25,"loc":{"start":{"line":25,"column":26},"end":{"line":27,"column":13}},"locations":[{"start":{"line":25,"column":26},"end":{"line":27,"column":13}}]},"4":{"type":"branch","line":28,"loc":{"start":{"line":28,"column":-2},"end":{"line":35,"column":58}},"locations":[{"start":{"line":28,"column":-2},"end":{"line":35,"column":58}}]},"5":{"type":"branch","line":39,"loc":{"start":{"line":39,"column":10},"end":{"line":51,"column":9}},"locations":[{"start":{"line":39,"column":10},"end":{"line":51,"column":9}}]}},"b":{"0":[1],"1":[2],"2":[1],"3":[0],"4":[1],"5":[1]},"fnMap":{"0":{"name":"CheckService","decl":{"start":{"line":14,"column":4},"end":{"line":18,"column":8}},"loc":{"start":{"line":14,"column":4},"end":{"line":18,"column":8}},"line":14},"1":{"name":"execute","decl":{"start":{"line":20,"column":17},"end":{"line":53,"column":5}},"loc":{"start":{"line":20,"column":17},"end":{"line":53,"column":5}},"line":20}},"f":{"0":1,"1":2}}
,"D:\\Cursos\\node-dev\\05-noc\\src\\domain\\use-cases\\mail\\send-email-logs.ts": {"path":"D:\\Cursos\\node-dev\\05-noc\\src\\domain\\use-cases\\mail\\send-email-logs.ts","all":false,"statementMap":{"0":{"start":{"line":1,"column":0},"end":{"line":1,"column":73}},"1":{"start":{"line":2,"column":0},"end":{"line":2,"column":72}},"2":{"start":{"line":3,"column":0},"end":{"line":3,"column":64}},"3":{"start":{"line":4,"column":0},"end":{"line":4,"column":0}},"4":{"start":{"line":5,"column":0},"end":{"line":5,"column":0}},"5":{"start":{"line":6,"column":0},"end":{"line":6,"column":31}},"6":{"start":{"line":7,"column":0},"end":{"line":7,"column":56}},"7":{"start":{"line":8,"column":0},"end":{"line":8,"column":1}},"8":{"start":{"line":9,"column":0},"end":{"line":9,"column":0}},"9":{"start":{"line":10,"column":0},"end":{"line":10,"column":0}},"10":{"start":{"line":11,"column":0},"end":{"line":11,"column":59}},"11":{"start":{"line":12,"column":0},"end":{"line":12,"column":0}},"12":{"start":{"line":13,"column":0},"end":{"line":13,"column":16}},"13":{"start":{"line":14,"column":0},"end":{"line":14,"column":52}},"14":{"start":{"line":15,"column":0},"end":{"line":15,"column":54}},"15":{"start":{"line":16,"column":0},"end":{"line":16,"column":7}},"16":{"start":{"line":17,"column":0},"end":{"line":17,"column":0}},"17":{"start":{"line":18,"column":0},"end":{"line":18,"column":44}},"18":{"start":{"line":19,"column":0},"end":{"line":19,"column":0}},"19":{"start":{"line":20,"column":0},"end":{"line":20,"column":9}},"20":{"start":{"line":21,"column":0},"end":{"line":21,"column":67}},"21":{"start":{"line":22,"column":0},"end":{"line":22,"column":22}},"22":{"start":{"line":23,"column":0},"end":{"line":23,"column":50}},"23":{"start":{"line":24,"column":0},"end":{"line":24,"column":9}},"24":{"start":{"line":25,"column":0},"end":{"line":25,"column":0}},"25":{"start":{"line":26,"column":0},"end":{"line":26,"column":35}},"26":{"start":{"line":27,"column":0},"end":{"line":27,"column":38}},"27":{"start":{"line":28,"column":0},"end":{"line":28,"column":40}},"28":{"start":{"line":29,"column":0},"end":{"line":29,"column":41}},"29":{"start":{"line":30,"column":0},"end":{"line":30,"column":10}},"30":{"start":{"line":31,"column":0},"end":{"line":31,"column":40}},"31":{"start":{"line":32,"column":0},"end":{"line":32,"column":0}},"32":{"start":{"line":33,"column":0},"end":{"line":33,"column":20}},"33":{"start":{"line":34,"column":0},"end":{"line":34,"column":25}},"34":{"start":{"line":35,"column":0},"end":{"line":35,"column":0}},"35":{"start":{"line":36,"column":0},"end":{"line":36,"column":35}},"36":{"start":{"line":37,"column":0},"end":{"line":37,"column":32}},"37":{"start":{"line":38,"column":0},"end":{"line":38,"column":41}},"38":{"start":{"line":39,"column":0},"end":{"line":39,"column":41}},"39":{"start":{"line":40,"column":0},"end":{"line":40,"column":10}},"40":{"start":{"line":41,"column":0},"end":{"line":41,"column":40}},"41":{"start":{"line":42,"column":0},"end":{"line":42,"column":21}},"42":{"start":{"line":43,"column":0},"end":{"line":43,"column":12}},"43":{"start":{"line":44,"column":0},"end":{"line":44,"column":0}},"44":{"start":{"line":45,"column":0},"end":{"line":45,"column":4}},"45":{"start":{"line":46,"column":0},"end":{"line":46,"column":5}},"46":{"start":{"line":47,"column":0},"end":{"line":47,"column":0}},"47":{"start":{"line":48,"column":0},"end":{"line":48,"column":0}},"48":{"start":{"line":49,"column":0},"end":{"line":49,"column":1}}},"s":{"0":1,"1":1,"2":1,"3":1,"4":1,"5":1,"6":1,"7":1,"8":1,"9":1,"10":1,"11":1,"12":1,"13":1,"14":1,"15":1,"16":1,"17":1,"18":2,"19":2,"20":2,"21":2,"22":1,"23":1,"24":1,"25":1,"26":1,"27":1,"28":1,"29":1,"30":1,"31":1,"32":1,"33":1,"34":1,"35":1,"36":1,"37":1,"38":1,"39":1,"40":1,"41":1,"42":2,"43":2,"44":2,"45":2,"46":1,"47":1,"48":1},"branchMap":{"0":{"type":"branch","line":13,"loc":{"start":{"line":13,"column":4},"end":{"line":16,"column":7}},"locations":[{"start":{"line":13,"column":4},"end":{"line":16,"column":7}}]},"1":{"type":"branch","line":18,"loc":{"start":{"line":18,"column":10},"end":{"line":46,"column":5}},"locations":[{"start":{"line":18,"column":10},"end":{"line":46,"column":5}}]},"2":{"type":"branch","line":22,"loc":{"start":{"line":22,"column":21},"end":{"line":43,"column":9}},"locations":[{"start":{"line":22,"column":21},"end":{"line":43,"column":9}}]}},"b":{"0":[1],"1":[2],"2":[1]},"fnMap":{"0":{"name":"SendEmailLogs","decl":{"start":{"line":13,"column":4},"end":{"line":16,"column":7}},"loc":{"start":{"line":13,"column":4},"end":{"line":16,"column":7}},"line":13},"1":{"name":"execute","decl":{"start":{"line":18,"column":10},"end":{"line":46,"column":5}},"loc":{"start":{"line":18,"column":10},"end":{"line":46,"column":5}},"line":18}},"f":{"0":1,"1":2}}
,"D:\\Cursos\\node-dev\\05-noc\\src\\infraestructure\\datasources\\file-system.datasource.ts": {"path":"D:\\Cursos\\node-dev\\05-noc\\src\\infraestructure\\datasources\\file-system.datasource.ts","all":false,"statementMap":{"0":{"start":{"line":1,"column":0},"end":{"line":1,"column":20}},"1":{"start":{"line":2,"column":0},"end":{"line":2,"column":72}},"2":{"start":{"line":3,"column":0},"end":{"line":3,"column":79}},"3":{"start":{"line":4,"column":0},"end":{"line":4,"column":0}},"4":{"start":{"line":5,"column":0},"end":{"line":5,"column":0}},"5":{"start":{"line":6,"column":0},"end":{"line":6,"column":60}},"6":{"start":{"line":7,"column":0},"end":{"line":7,"column":0}},"7":{"start":{"line":8,"column":0},"end":{"line":8,"column":39}},"8":{"start":{"line":9,"column":0},"end":{"line":9,"column":55}},"9":{"start":{"line":10,"column":0},"end":{"line":10,"column":61}},"10":{"start":{"line":11,"column":0},"end":{"line":11,"column":57}},"11":{"start":{"line":12,"column":0},"end":{"line":12,"column":0}},"12":{"start":{"line":13,"column":0},"end":{"line":13,"column":19}},"13":{"start":{"line":14,"column":0},"end":{"line":14,"column":31}},"14":{"start":{"line":15,"column":0},"end":{"line":15,"column":5}},"15":{"start":{"line":16,"column":0},"end":{"line":16,"column":0}},"16":{"start":{"line":17,"column":0},"end":{"line":17,"column":37}},"17":{"start":{"line":18,"column":0},"end":{"line":18,"column":0}},"18":{"start":{"line":19,"column":0},"end":{"line":19,"column":35}},"19":{"start":{"line":20,"column":0},"end":{"line":20,"column":47}},"20":{"start":{"line":21,"column":0},"end":{"line":21,"column":41}},"21":{"start":{"line":22,"column":0},"end":{"line":22,"column":9}},"22":{"start":{"line":23,"column":0},"end":{"line":23,"column":33}},"23":{"start":{"line":24,"column":0},"end":{"line":24,"column":9}},"24":{"start":{"line":25,"column":0},"end":{"line":25,"column":29}},"25":{"start":{"line":26,"column":0},"end":{"line":26,"column":32}},"26":{"start":{"line":27,"column":0},"end":{"line":27,"column":30}},"27":{"start":{"line":28,"column":0},"end":{"line":28,"column":28}},"28":{"start":{"line":29,"column":0},"end":{"line":29,"column":48}},"29":{"start":{"line":30,"column":0},"end":{"line":30,"column":0}},"30":{"start":{"line":31,"column":0},"end":{"line":31,"column":44}},"31":{"start":{"line":32,"column":0},"end":{"line":32,"column":10}},"32":{"start":{"line":33,"column":0},"end":{"line":33,"column":5}},"33":{"start":{"line":34,"column":0},"end":{"line":34,"column":0}},"34":{"start":{"line":35,"column":0},"end":{"line":35,"column":53}},"35":{"start":{"line":36,"column":0},"end":{"line":36,"column":0}},"36":{"start":{"line":37,"column":0},"end":{"line":37,"column":58}},"37":{"start":{"line":38,"column":0},"end":{"line":38,"column":8}},"38":{"start":{"line":39,"column":0},"end":{"line":39,"column":57}},"39":{"start":{"line":40,"column":0},"end":{"line":40,"column":0}},"40":{"start":{"line":41,"column":0},"end":{"line":41,"column":60}},"41":{"start":{"line":42,"column":0},"end":{"line":42,"column":0}},"42":{"start":{"line":43,"column":0},"end":{"line":43,"column":57}},"43":{"start":{"line":44,"column":0},"end":{"line":44,"column":65}},"44":{"start":{"line":45,"column":0},"end":{"line":45,"column":16}},"45":{"start":{"line":46,"column":0},"end":{"line":46,"column":63}},"46":{"start":{"line":47,"column":0},"end":{"line":47,"column":9}},"47":{"start":{"line":48,"column":0},"end":{"line":48,"column":5}},"48":{"start":{"line":49,"column":0},"end":{"line":49,"column":0}},"49":{"start":{"line":50,"column":0},"end":{"line":50,"column":64}},"50":{"start":{"line":51,"column":0},"end":{"line":51,"column":57}},"51":{"start":{"line":52,"column":0},"end":{"line":52,"column":44}},"52":{"start":{"line":53,"column":0},"end":{"line":53,"column":12}},"53":{"start":{"line":54,"column":0},"end":{"line":54,"column":45}},"54":{"start":{"line":55,"column":0},"end":{"line":55,"column":42}},"55":{"start":{"line":56,"column":0},"end":{"line":56,"column":10}},"56":{"start":{"line":57,"column":0},"end":{"line":57,"column":0}},"57":{"start":{"line":58,"column":0},"end":{"line":58,"column":20}},"58":{"start":{"line":59,"column":0},"end":{"line":59,"column":5}},"59":{"start":{"line":60,"column":0},"end":{"line":60,"column":0}},"60":{"start":{"line":61,"column":0},"end":{"line":61,"column":74}},"61":{"start":{"line":62,"column":0},"end":{"line":62,"column":0}},"62":{"start":{"line":63,"column":0},"end":{"line":63,"column":33}},"63":{"start":{"line":64,"column":0},"end":{"line":64,"column":38}},"64":{"start":{"line":65,"column":0},"end":{"line":65,"column":62}},"65":{"start":{"line":66,"column":0},"end":{"line":66,"column":0}},"66":{"start":{"line":67,"column":0},"end":{"line":67,"column":41}},"67":{"start":{"line":68,"column":0},"end":{"line":68,"column":65}},"68":{"start":{"line":69,"column":0},"end":{"line":69,"column":12}},"69":{"start":{"line":70,"column":0},"end":{"line":70,"column":39}},"70":{"start":{"line":71,"column":0},"end":{"line":71,"column":63}},"71":{"start":{"line":72,"column":0},"end":{"line":72,"column":0}},"72":{"start":{"line":73,"column":0},"end":{"line":73,"column":20}},"73":{"start":{"line":74,"column":0},"end":{"line":74,"column":70}},"74":{"start":{"line":75,"column":0},"end":{"line":75,"column":9}},"75":{"start":{"line":76,"column":0},"end":{"line":76,"column":5}},"76":{"start":{"line":77,"column":0},"end":{"line":77,"column":0}},"77":{"start":{"line":78,"column":0},"end":{"line":78,"column":1}}},"s":{"0":1,"1":1,"2":1,"3":1,"4":1,"5":1,"6":1,"7":1,"8":1,"9":1,"10":1,"11":1,"12":1,"13":8,"14":8,"15":1,"16":1,"17":8,"18":8,"19":8,"20":7,"21":7,"22":8,"23":8,"24":8,"25":8,"26":8,"27":8,"28":24,"29":21,"30":21,"31":8,"32":8,"33":1,"34":1,"35":6,"36":6,"37":6,"38":6,"39":6,"40":6,"41":4,"42":6,"43":2,"44":2,"45":2,"46":2,"47":6,"48":1,"49":1,"50":3,"51":3,"52":3,"53":3,"54":3,"55":3,"56":3,"57":3,"58":3,"59":1,"60":1,"61":4,"62":4,"63":4,"64":1,"65":4,"66":4,"67":1,"68":4,"69":4,"70":1,"71":4,"72":4,"73":1,"74":4,"75":4,"76":1,"77":1},"branchMap":{"0":{"type":"branch","line":13,"loc":{"start":{"line":13,"column":4},"end":{"line":15,"column":5}},"locations":[{"start":{"line":13,"column":4},"end":{"line":15,"column":5}}]},"1":{"type":"branch","line":17,"loc":{"start":{"line":17,"column":30},"end":{"line":33,"column":5}},"locations":[{"start":{"line":17,"column":30},"end":{"line":33,"column":5}}]},"2":{"type":"branch","line":20,"loc":{"start":{"line":20,"column":46},"end":{"line":22,"column":9}},"locations":[{"start":{"line":20,"column":46},"end":{"line":22,"column":9}}]},"3":{"type":"branch","line":28,"loc":{"start":{"line":28,"column":19},"end":{"line":32,"column":9}},"locations":[{"start":{"line":28,"column":19},"end":{"line":32,"column":9}}]},"4":{"type":"branch","line":29,"loc":{"start":{"line":29,"column":41},"end":{"line":29,"column":48}},"locations":[{"start":{"line":29,"column":41},"end":{"line":29,"column":48}}]},"5":{"type":"branch","line":30,"loc":{"start":{"line":30,"column":-2},"end":{"line":32,"column":9}},"locations":[{"start":{"line":30,"column":-2},"end":{"line":32,"column":9}}]},"6":{"type":"branch","line":50,"loc":{"start":{"line":50,"column":30},"end":{"line":59,"column":5}},"locations":[{"start":{"line":50,"column":30},"end":{"line":59,"column":5}}]},"7":{"type":"branch","line":52,"loc":{"start":{"line":52,"column":34},"end":{"line":52,"column":44}},"locations":[{"start":{"line":52,"column":34},"end":{"line":52,"column":44}}]},"8":{"type":"branch","line":55,"loc":{"start":{"line":55,"column":12},"end":{"line":55,"column":42}},"locations":[{"start":{"line":55,"column":12},"end":{"line":55,"column":42}}]},"9":{"type":"branch","line":35,"loc":{"start":{"line":35,"column":10},"end":{"line":48,"column":5}},"locations":[{"start":{"line":35,"column":10},"end":{"line":48,"column":5}}]},"10":{"type":"branch","line":41,"loc":{"start":{"line":41,"column":53},"end":{"line":41,"column":60}},"locations":[{"start":{"line":41,"column":53},"end":{"line":41,"column":60}}]},"11":{"type":"branch","line":42,"loc":{"start":{"line":42,"column":-2},"end":{"line":43,"column":56}},"locations":[{"start":{"line":42,"column":-2},"end":{"line":43,"column":56}}]},"12":{"type":"branch","line":43,"loc":{"start":{"line":43,"column":56},"end":{"line":47,"column":9}},"locations":[{"start":{"line":43,"column":56},"end":{"line":47,"column":9}}]},"13":{"type":"branch","line":61,"loc":{"start":{"line":61,"column":10},"end":{"line":76,"column":5}},"locations":[{"start":{"line":61,"column":10},"end":{"line":76,"column":5}}]},"14":{"type":"branch","line":64,"loc":{"start":{"line":64,"column":12},"end":{"line":65,"column":62}},"locations":[{"start":{"line":64,"column":12},"end":{"line":65,"column":62}}]},"15":{"type":"branch","line":67,"loc":{"start":{"line":67,"column":12},"end":{"line":68,"column":65}},"locations":[{"start":{"line":67,"column":12},"end":{"line":68,"column":65}}]},"16":{"type":"branch","line":70,"loc":{"start":{"line":70,"column":12},"end":{"line":71,"column":63}},"locations":[{"start":{"line":70,"column":12},"end":{"line":71,"column":63}}]},"17":{"type":"branch","line":73,"loc":{"start":{"line":73,"column":12},"end":{"line":74,"column":70}},"locations":[{"start":{"line":73,"column":12},"end":{"line":74,"column":70}}]}},"b":{"0":[8],"1":[8],"2":[7],"3":[24],"4":[3],"5":[21],"6":[3],"7":[0],"8":[8],"9":[6],"10":[2],"11":[4],"12":[2],"13":[4],"14":[1],"15":[1],"16":[1],"17":[1]},"fnMap":{"0":{"name":"FileSystemDatasource","decl":{"start":{"line":13,"column":4},"end":{"line":15,"column":5}},"loc":{"start":{"line":13,"column":4},"end":{"line":15,"column":5}},"line":13},"1":{"name":"FileSystemDatasource.createLogsFiles","decl":{"start":{"line":17,"column":30},"end":{"line":33,"column":5}},"loc":{"start":{"line":17,"column":30},"end":{"line":33,"column":5}},"line":17},"2":{"name":"FileSystemDatasource.getLogsFromFile","decl":{"start":{"line":50,"column":30},"end":{"line":59,"column":5}},"loc":{"start":{"line":50,"column":30},"end":{"line":59,"column":5}},"line":50},"3":{"name":"saveLog","decl":{"start":{"line":35,"column":10},"end":{"line":48,"column":5}},"loc":{"start":{"line":35,"column":10},"end":{"line":48,"column":5}},"line":35},"4":{"name":"getLogs","decl":{"start":{"line":61,"column":10},"end":{"line":76,"column":5}},"loc":{"start":{"line":61,"column":10},"end":{"line":76,"column":5}},"line":61}},"f":{"0":8,"1":8,"2":3,"3":6,"4":4}}
,"D:\\Cursos\\node-dev\\05-noc\\src\\infraestructure\\datasources\\mongo-log.datasource.ts": {"path":"D:\\Cursos\\node-dev\\05-noc\\src\\infraestructure\\datasources\\mongo-log.datasource.ts","all":false,"statementMap":{"0":{"start":{"line":1,"column":0},"end":{"line":1,"column":44}},"1":{"start":{"line":2,"column":0},"end":{"line":2,"column":72}},"2":{"start":{"line":3,"column":0},"end":{"line":3,"column":79}},"3":{"start":{"line":4,"column":0},"end":{"line":4,"column":0}},"4":{"start":{"line":5,"column":0},"end":{"line":5,"column":0}},"5":{"start":{"line":6,"column":0},"end":{"line":6,"column":58}},"6":{"start":{"line":7,"column":0},"end":{"line":7,"column":0}},"7":{"start":{"line":8,"column":0},"end":{"line":8,"column":50}},"8":{"start":{"line":9,"column":0},"end":{"line":9,"column":83}},"9":{"start":{"line":10,"column":0},"end":{"line":10,"column":31}},"10":{"start":{"line":11,"column":0},"end":{"line":11,"column":53}},"11":{"start":{"line":12,"column":0},"end":{"line":12,"column":5}},"12":{"start":{"line":13,"column":0},"end":{"line":13,"column":0}},"13":{"start":{"line":14,"column":0},"end":{"line":14,"column":74}},"14":{"start":{"line":15,"column":0},"end":{"line":15,"column":8}},"15":{"start":{"line":16,"column":0},"end":{"line":16,"column":42}},"16":{"start":{"line":17,"column":0},"end":{"line":17,"column":33}},"17":{"start":{"line":18,"column":0},"end":{"line":18,"column":11}},"18":{"start":{"line":19,"column":0},"end":{"line":19,"column":0}},"19":{"start":{"line":20,"column":0},"end":{"line":20,"column":69}},"20":{"start":{"line":21,"column":0},"end":{"line":21,"column":5}},"21":{"start":{"line":22,"column":0},"end":{"line":22,"column":0}},"22":{"start":{"line":23,"column":0},"end":{"line":23,"column":1}}},"s":{"0":1,"1":1,"2":1,"3":1,"4":1,"5":1,"6":1,"7":1,"8":2,"9":2,"10":2,"11":2,"12":1,"13":1,"14":1,"15":1,"16":1,"17":1,"18":1,"19":1,"20":1,"21":1,"22":1},"branchMap":{"0":{"type":"branch","line":8,"loc":{"start":{"line":8,"column":10},"end":{"line":12,"column":5}},"locations":[{"start":{"line":8,"column":10},"end":{"line":12,"column":5}}]},"1":{"type":"branch","line":14,"loc":{"start":{"line":14,"column":10},"end":{"line":21,"column":5}},"locations":[{"start":{"line":14,"column":10},"end":{"line":21,"column":5}}]},"2":{"type":"branch","line":20,"loc":{"start":{"line":20,"column":25},"end":{"line":20,"column":67}},"locations":[{"start":{"line":20,"column":25},"end":{"line":20,"column":67}}]}},"b":{"0":[2],"1":[1],"2":[1]},"fnMap":{"0":{"name":"saveLog","decl":{"start":{"line":8,"column":10},"end":{"line":12,"column":5}},"loc":{"start":{"line":8,"column":10},"end":{"line":12,"column":5}},"line":8},"1":{"name":"getLogs","decl":{"start":{"line":14,"column":10},"end":{"line":21,"column":5}},"loc":{"start":{"line":14,"column":10},"end":{"line":21,"column":5}},"line":14}},"f":{"0":2,"1":1}}
,"D:\\Cursos\\node-dev\\05-noc\\src\\infraestructure\\repositories\\log.repository.impl.ts": {"path":"D:\\Cursos\\node-dev\\05-noc\\src\\infraestructure\\repositories\\log.repository.impl.ts","all":false,"statementMap":{"0":{"start":{"line":1,"column":0},"end":{"line":1,"column":72}},"1":{"start":{"line":2,"column":0},"end":{"line":2,"column":79}},"2":{"start":{"line":3,"column":0},"end":{"line":3,"column":71}},"3":{"start":{"line":4,"column":0},"end":{"line":4,"column":0}},"4":{"start":{"line":5,"column":0},"end":{"line":5,"column":0}},"5":{"start":{"line":6,"column":0},"end":{"line":6,"column":0}},"6":{"start":{"line":7,"column":0},"end":{"line":7,"column":57}},"7":{"start":{"line":8,"column":0},"end":{"line":8,"column":0}},"8":{"start":{"line":9,"column":0},"end":{"line":9,"column":16}},"9":{"start":{"line":10,"column":0},"end":{"line":10,"column":58}},"10":{"start":{"line":11,"column":0},"end":{"line":11,"column":8}},"11":{"start":{"line":12,"column":0},"end":{"line":12,"column":0}},"12":{"start":{"line":13,"column":0},"end":{"line":13,"column":0}},"13":{"start":{"line":14,"column":0},"end":{"line":14,"column":50}},"14":{"start":{"line":15,"column":0},"end":{"line":15,"column":49}},"15":{"start":{"line":16,"column":0},"end":{"line":16,"column":5}},"16":{"start":{"line":17,"column":0},"end":{"line":17,"column":0}},"17":{"start":{"line":18,"column":0},"end":{"line":18,"column":74}},"18":{"start":{"line":19,"column":0},"end":{"line":19,"column":59}},"19":{"start":{"line":20,"column":0},"end":{"line":20,"column":5}},"20":{"start":{"line":21,"column":0},"end":{"line":21,"column":0}},"21":{"start":{"line":22,"column":0},"end":{"line":22,"column":1}}},"s":{"0":1,"1":1,"2":1,"3":1,"4":1,"5":1,"6":1,"7":1,"8":1,"9":1,"10":1,"11":1,"12":1,"13":1,"14":1,"15":1,"16":1,"17":1,"18":1,"19":1,"20":1,"21":1},"branchMap":{"0":{"type":"branch","line":9,"loc":{"start":{"line":9,"column":4},"end":{"line":11,"column":8}},"locations":[{"start":{"line":9,"column":4},"end":{"line":11,"column":8}}]},"1":{"type":"branch","line":14,"loc":{"start":{"line":14,"column":10},"end":{"line":16,"column":5}},"locations":[{"start":{"line":14,"column":10},"end":{"line":16,"column":5}}]},"2":{"type":"branch","line":18,"loc":{"start":{"line":18,"column":10},"end":{"line":20,"column":5}},"locations":[{"start":{"line":18,"column":10},"end":{"line":20,"column":5}}]}},"b":{"0":[1],"1":[1],"2":[1]},"fnMap":{"0":{"name":"LogRepositoryImpl","decl":{"start":{"line":9,"column":4},"end":{"line":11,"column":8}},"loc":{"start":{"line":9,"column":4},"end":{"line":11,"column":8}},"line":9},"1":{"name":"saveLog","decl":{"start":{"line":14,"column":10},"end":{"line":16,"column":5}},"loc":{"start":{"line":14,"column":10},"end":{"line":16,"column":5}},"line":14},"2":{"name":"getLogs","decl":{"start":{"line":18,"column":10},"end":{"line":20,"column":5}},"loc":{"start":{"line":18,"column":10},"end":{"line":20,"column":5}},"line":18}},"f":{"0":1,"1":1,"2":1}}
,"D:\\Cursos\\node-dev\\05-noc\\src\\presentation\\cron\\cron-service.ts": {"path":"D:\\Cursos\\node-dev\\05-noc\\src\\presentation\\cron\\cron-service.ts","all":false,"statementMap":{"0":{"start":{"line":1,"column":0},"end":{"line":1,"column":31}},"1":{"start":{"line":2,"column":0},"end":{"line":2,"column":0}},"2":{"start":{"line":3,"column":0},"end":{"line":3,"column":30}},"3":{"start":{"line":4,"column":0},"end":{"line":4,"column":25}},"4":{"start":{"line":5,"column":0},"end":{"line":5,"column":0}},"5":{"start":{"line":6,"column":0},"end":{"line":6,"column":26}},"6":{"start":{"line":7,"column":0},"end":{"line":7,"column":69}},"7":{"start":{"line":8,"column":0},"end":{"line":8,"column":0}},"8":{"start":{"line":9,"column":0},"end":{"line":9,"column":32}},"9":{"start":{"line":10,"column":0},"end":{"line":10,"column":21}},"10":{"start":{"line":11,"column":0},"end":{"line":11,"column":18}},"11":{"start":{"line":12,"column":0},"end":{"line":12,"column":10}},"12":{"start":{"line":13,"column":0},"end":{"line":13,"column":0}},"13":{"start":{"line":14,"column":0},"end":{"line":14,"column":20}},"14":{"start":{"line":15,"column":0},"end":{"line":15,"column":0}},"15":{"start":{"line":16,"column":0},"end":{"line":16,"column":19}},"16":{"start":{"line":17,"column":0},"end":{"line":17,"column":0}},"17":{"start":{"line":18,"column":0},"end":{"line":18,"column":5}},"18":{"start":{"line":19,"column":0},"end":{"line":19,"column":1}}},"s":{"0":1,"1":1,"2":1,"3":1,"4":1,"5":1,"6":1,"7":1,"8":1,"9":1,"10":1,"11":1,"12":1,"13":1,"14":1,"15":1,"16":1,"17":1,"18":1},"branchMap":{"0":{"type":"branch","line":7,"loc":{"start":{"line":7,"column":11},"end":{"line":18,"column":5}},"locations":[{"start":{"line":7,"column":11},"end":{"line":18,"column":5}}]}},"b":{"0":[1]},"fnMap":{"0":{"name":"createJob","decl":{"start":{"line":7,"column":11},"end":{"line":18,"column":5}},"loc":{"start":{"line":7,"column":11},"end":{"line":18,"column":5}},"line":7}},"f":{"0":1}}
,"D:\\Cursos\\node-dev\\05-noc\\src\\presentation\\email\\email.service.ts": {"path":"D:\\Cursos\\node-dev\\05-noc\\src\\presentation\\email\\email.service.ts","all":false,"statementMap":{"0":{"start":{"line":1,"column":0},"end":{"line":1,"column":36}},"1":{"start":{"line":2,"column":0},"end":{"line":2,"column":57}},"2":{"start":{"line":3,"column":0},"end":{"line":3,"column":0}},"3":{"start":{"line":4,"column":0},"end":{"line":4,"column":34}},"4":{"start":{"line":5,"column":0},"end":{"line":5,"column":26}},"5":{"start":{"line":6,"column":0},"end":{"line":6,"column":20}},"6":{"start":{"line":7,"column":0},"end":{"line":7,"column":21}},"7":{"start":{"line":8,"column":0},"end":{"line":8,"column":31}},"8":{"start":{"line":9,"column":0},"end":{"line":9,"column":1}},"9":{"start":{"line":10,"column":0},"end":{"line":10,"column":0}},"10":{"start":{"line":11,"column":0},"end":{"line":11,"column":29}},"11":{"start":{"line":12,"column":0},"end":{"line":12,"column":21}},"12":{"start":{"line":13,"column":0},"end":{"line":13,"column":17}},"13":{"start":{"line":14,"column":0},"end":{"line":14,"column":1}},"14":{"start":{"line":15,"column":0},"end":{"line":15,"column":0}},"15":{"start":{"line":16,"column":0},"end":{"line":16,"column":27}},"16":{"start":{"line":17,"column":0},"end":{"line":17,"column":4}},"17":{"start":{"line":18,"column":0},"end":{"line":18,"column":54}},"18":{"start":{"line":19,"column":0},"end":{"line":19,"column":37}},"19":{"start":{"line":20,"column":0},"end":{"line":20,"column":15}},"20":{"start":{"line":21,"column":0},"end":{"line":21,"column":36}},"21":{"start":{"line":22,"column":0},"end":{"line":22,"column":41}},"22":{"start":{"line":23,"column":0},"end":{"line":23,"column":9}},"23":{"start":{"line":24,"column":0},"end":{"line":24,"column":7}},"24":{"start":{"line":25,"column":0},"end":{"line":25,"column":0}},"25":{"start":{"line":26,"column":0},"end":{"line":26,"column":20}},"26":{"start":{"line":27,"column":0},"end":{"line":27,"column":0}},"27":{"start":{"line":28,"column":0},"end":{"line":28,"column":65}},"28":{"start":{"line":29,"column":0},"end":{"line":29,"column":0}},"29":{"start":{"line":30,"column":0},"end":{"line":30,"column":68}},"30":{"start":{"line":31,"column":0},"end":{"line":31,"column":0}},"31":{"start":{"line":32,"column":0},"end":{"line":32,"column":13}},"32":{"start":{"line":33,"column":0},"end":{"line":33,"column":69}},"33":{"start":{"line":34,"column":0},"end":{"line":34,"column":23}},"34":{"start":{"line":35,"column":0},"end":{"line":35,"column":33}},"35":{"start":{"line":36,"column":0},"end":{"line":36,"column":31}},"36":{"start":{"line":37,"column":0},"end":{"line":37,"column":41}},"37":{"start":{"line":38,"column":0},"end":{"line":38,"column":15}},"38":{"start":{"line":39,"column":0},"end":{"line":39,"column":0}},"39":{"start":{"line":40,"column":0},"end":{"line":40,"column":24}},"40":{"start":{"line":41,"column":0},"end":{"line":41,"column":25}},"41":{"start":{"line":42,"column":0},"end":{"line":42,"column":25}},"42":{"start":{"line":43,"column":0},"end":{"line":43,"column":9}},"43":{"start":{"line":44,"column":0},"end":{"line":44,"column":5}},"44":{"start":{"line":45,"column":0},"end":{"line":45,"column":0}},"45":{"start":{"line":46,"column":0},"end":{"line":46,"column":48}},"46":{"start":{"line":47,"column":0},"end":{"line":47,"column":44}},"47":{"start":{"line":48,"column":0},"end":{"line":48,"column":25}},"48":{"start":{"line":49,"column":0},"end":{"line":49,"column":47}},"49":{"start":{"line":50,"column":0},"end":{"line":50,"column":76}},"50":{"start":{"line":51,"column":0},"end":{"line":51,"column":34}},"51":{"start":{"line":52,"column":0},"end":{"line":52,"column":10}},"52":{"start":{"line":53,"column":0},"end":{"line":53,"column":0}},"53":{"start":{"line":54,"column":0},"end":{"line":54,"column":43}},"54":{"start":{"line":55,"column":0},"end":{"line":55,"column":70}},"55":{"start":{"line":56,"column":0},"end":{"line":56,"column":72}},"56":{"start":{"line":57,"column":0},"end":{"line":57,"column":75}},"57":{"start":{"line":58,"column":0},"end":{"line":58,"column":10}},"58":{"start":{"line":59,"column":0},"end":{"line":59,"column":0}},"59":{"start":{"line":60,"column":0},"end":{"line":60,"column":31}},"60":{"start":{"line":61,"column":0},"end":{"line":61,"column":46}},"61":{"start":{"line":62,"column":0},"end":{"line":62,"column":11}},"62":{"start":{"line":63,"column":0},"end":{"line":63,"column":5}},"63":{"start":{"line":64,"column":0},"end":{"line":64,"column":1}}},"s":{"0":1,"1":1,"2":1,"3":1,"4":1,"5":1,"6":1,"7":1,"8":1,"9":1,"10":1,"11":1,"12":1,"13":1,"14":1,"15":1,"16":1,"17":1,"18":1,"19":1,"20":1,"21":1,"22":1,"23":1,"24":1,"25":1,"26":1,"27":1,"28":2,"29":2,"30":2,"31":2,"32":2,"33":2,"34":2,"35":2,"36":2,"37":2,"38":2,"39":2,"40":2,"41":0,"42":0,"43":2,"44":1,"45":1,"46":1,"47":1,"48":1,"49":1,"50":1,"51":1,"52":1,"53":1,"54":1,"55":1,"56":1,"57":1,"58":1,"59":1,"60":1,"61":1,"62":1,"63":1},"branchMap":{"0":{"type":"branch","line":26,"loc":{"start":{"line":26,"column":4},"end":{"line":26,"column":20}},"locations":[{"start":{"line":26,"column":4},"end":{"line":26,"column":20}}]},"1":{"type":"branch","line":28,"loc":{"start":{"line":28,"column":10},"end":{"line":44,"column":5}},"locations":[{"start":{"line":28,"column":10},"end":{"line":44,"column":5}}]},"2":{"type":"branch","line":41,"loc":{"start":{"line":41,"column":10},"end":{"line":43,"column":9}},"locations":[{"start":{"line":41,"column":10},"end":{"line":43,"column":9}}]},"3":{"type":"branch","line":46,"loc":{"start":{"line":46,"column":4},"end":{"line":63,"column":5}},"locations":[{"start":{"line":46,"column":4},"end":{"line":63,"column":5}}]}},"b":{"0":[1],"1":[2],"2":[0],"3":[1]},"fnMap":{"0":{"name":"EmailService","decl":{"start":{"line":26,"column":4},"end":{"line":26,"column":20}},"loc":{"start":{"line":26,"column":4},"end":{"line":26,"column":20}},"line":26},"1":{"name":"sendEmail","decl":{"start":{"line":28,"column":10},"end":{"line":44,"column":5}},"loc":{"start":{"line":28,"column":10},"end":{"line":44,"column":5}},"line":28},"2":{"name":"sendEmailWithLogs","decl":{"start":{"line":46,"column":4},"end":{"line":63,"column":5}},"loc":{"start":{"line":46,"column":4},"end":{"line":63,"column":5}},"line":46}},"f":{"0":1,"1":2,"2":1}}
}
