TN:
SF:src\config\plugins\envs.plugins.ts
FNF:0
FNH:0
DA:1,1
DA:2,1
DA:3,1
DA:4,1
DA:5,1
DA:6,1
DA:7,1
DA:8,1
DA:9,1
DA:10,1
DA:11,1
DA:12,1
DA:13,1
DA:14,1
DA:15,1
DA:16,1
DA:17,1
DA:18,1
DA:19,1
LF:19
LH:19
BRF:0
BRH:0
end_of_record
TN:
SF:src\data\mongo\index.ts
FNF:0
FNH:0
DA:1,1
DA:2,1
DA:3,1
DA:4,1
LF:4
LH:4
BRF:0
BRH:0
end_of_record
TN:
SF:src\data\mongo\init.ts
FN:11,connect
FNF:1
FNH:1
FNDA:4,connect
DA:1,1
DA:2,1
DA:3,1
DA:4,1
DA:5,1
DA:6,1
DA:7,1
DA:8,1
DA:9,1
DA:10,1
DA:11,1
DA:12,4
DA:13,4
DA:14,4
DA:15,4
DA:16,4
DA:17,4
DA:18,4
DA:19,3
DA:20,3
DA:21,3
DA:22,1
DA:23,1
DA:24,1
DA:25,4
DA:26,4
DA:27,1
LF:27
LH:27
BRDA:11,0,0,4
BRDA:19,1,0,3
BRDA:21,2,0,1
BRF:3
BRH:3
end_of_record
TN:
SF:src\data\mongo\models\log.model.ts
FNF:0
FNH:0
DA:1,1
DA:2,1
DA:3,1
DA:4,1
DA:5,1
DA:6,1
DA:7,1
DA:8,1
DA:9,1
DA:10,1
DA:11,1
DA:12,1
DA:13,1
DA:14,1
DA:15,1
DA:16,1
DA:17,1
DA:18,1
DA:19,1
DA:20,1
DA:21,1
DA:22,1
DA:23,1
LF:23
LH:23
BRF:0
BRH:0
end_of_record
TN:
SF:src\domain\entities\log.entity.ts
FN:22,LogEntity
FN:30,Object.<anonymous>.LogEntity.fromJson
FN:48,Object.<anonymous>.LogEntity.fromObject
FNF:3
FNH:3
FNDA:18,LogEntity
FNDA:8,Object.<anonymous>.LogEntity.fromJson
FNDA:2,Object.<anonymous>.LogEntity.fromObject
DA:1,1
DA:2,3
DA:3,3
DA:4,3
DA:5,3
DA:6,3
DA:7,1
DA:8,1
DA:9,1
DA:10,1
DA:11,1
DA:12,1
DA:13,1
DA:14,1
DA:15,1
DA:16,1
DA:17,1
DA:18,1
DA:19,1
DA:20,1
DA:21,1
DA:22,1
DA:23,18
DA:24,18
DA:25,18
DA:26,18
DA:27,18
DA:28,18
DA:29,1
DA:30,1
DA:31,8
DA:32,8
DA:33,8
DA:34,8
DA:35,8
DA:36,8
DA:37,8
DA:38,8
DA:39,8
DA:40,8
DA:41,8
DA:42,8
DA:43,8
DA:44,8
DA:45,1
DA:46,1
DA:47,1
DA:48,1
DA:49,2
DA:50,2
DA:51,2
DA:52,2
DA:53,2
DA:54,2
DA:55,1
LF:55
LH:55
BRDA:2,0,0,3
BRDA:22,1,0,18
BRDA:30,2,0,8
BRDA:31,3,0,3
BRDA:31,4,0,5
BRDA:48,5,0,2
BRF:6
BRH:6
end_of_record
TN:
SF:src\domain\use-cases\checks\check-service-multiple.ts
FN:14,CheckServiceMultiple
FN:21,callLogs
FN:27,execute
FNF:3
FNH:3
FNDA:1,CheckServiceMultiple
FNDA:2,callLogs
FNDA:2,execute
DA:1,1
DA:2,1
DA:3,1
DA:4,1
DA:5,1
DA:6,1
DA:7,1
DA:8,1
DA:9,1
DA:10,1
DA:11,1
DA:12,1
DA:13,1
DA:14,1
DA:15,1
DA:16,1
DA:17,1
DA:18,1
DA:19,1
DA:20,1
DA:21,1
DA:22,2
DA:23,6
DA:24,2
DA:25,2
DA:26,1
DA:27,1
DA:28,2
DA:29,2
DA:30,2
DA:31,2
DA:32,2
DA:33,0
DA:34,0
DA:35,1
DA:36,1
DA:37,1
DA:38,1
DA:39,1
DA:40,1
DA:41,1
DA:42,1
DA:43,2
DA:44,2
DA:45,2
DA:46,2
DA:47,2
DA:48,1
DA:49,1
DA:50,1
DA:51,1
DA:52,1
DA:53,1
DA:54,1
DA:55,1
DA:56,1
DA:57,1
DA:58,1
DA:59,1
DA:60,1
DA:61,2
DA:62,2
DA:63,1
LF:63
LH:61
BRDA:14,0,0,1
BRDA:21,1,0,2
BRDA:22,2,0,6
BRDA:27,3,0,2
BRDA:32,4,0,1
BRDA:32,5,0,0
BRDA:35,6,0,1
BRDA:47,7,0,1
BRF:8
BRH:7
end_of_record
TN:
SF:src\domain\use-cases\checks\check-service.ts
FN:14,CheckService
FN:20,execute
FNF:2
FNH:2
FNDA:1,CheckService
FNDA:2,execute
DA:1,1
DA:2,1
DA:3,1
DA:4,1
DA:5,1
DA:6,1
DA:7,1
DA:8,1
DA:9,1
DA:10,1
DA:11,1
DA:12,1
DA:13,1
DA:14,1
DA:15,1
DA:16,1
DA:17,1
DA:18,1
DA:19,1
DA:20,1
DA:21,2
DA:22,2
DA:23,2
DA:24,2
DA:25,2
DA:26,0
DA:27,0
DA:28,1
DA:29,1
DA:30,1
DA:31,1
DA:32,1
DA:33,1
DA:34,1
DA:35,2
DA:36,2
DA:37,2
DA:38,2
DA:39,2
DA:40,1
DA:41,1
DA:42,1
DA:43,1
DA:44,1
DA:45,1
DA:46,1
DA:47,1
DA:48,1
DA:49,1
DA:50,1
DA:51,1
DA:52,2
DA:53,2
DA:54,1
LF:54
LH:52
BRDA:14,0,0,1
BRDA:20,1,0,2
BRDA:25,2,0,1
BRDA:25,3,0,0
BRDA:28,4,0,1
BRDA:39,5,0,1
BRF:6
BRH:5
end_of_record
TN:
SF:src\domain\use-cases\mail\send-email-logs.ts
FN:13,SendEmailLogs
FN:18,execute
FNF:2
FNH:2
FNDA:1,SendEmailLogs
FNDA:2,execute
DA:1,1
DA:2,1
DA:3,1
DA:4,1
DA:5,1
DA:6,1
DA:7,1
DA:8,1
DA:9,1
DA:10,1
DA:11,1
DA:12,1
DA:13,1
DA:14,1
DA:15,1
DA:16,1
DA:17,1
DA:18,1
DA:19,2
DA:20,2
DA:21,2
DA:22,2
DA:23,1
DA:24,1
DA:25,1
DA:26,1
DA:27,1
DA:28,1
DA:29,1
DA:30,1
DA:31,1
DA:32,1
DA:33,1
DA:34,1
DA:35,1
DA:36,1
DA:37,1
DA:38,1
DA:39,1
DA:40,1
DA:41,1
DA:42,1
DA:43,2
DA:44,2
DA:45,2
DA:46,2
DA:47,1
DA:48,1
DA:49,1
LF:49
LH:49
BRDA:13,0,0,1
BRDA:18,1,0,2
BRDA:22,2,0,1
BRF:3
BRH:3
end_of_record
TN:
SF:src\infraestructure\datasources\file-system.datasource.ts
FN:13,FileSystemDatasource
FN:17,FileSystemDatasource.createLogsFiles
FN:50,FileSystemDatasource.getLogsFromFile
FN:35,saveLog
FN:61,getLogs
FNF:5
FNH:5
FNDA:8,FileSystemDatasource
FNDA:8,FileSystemDatasource.createLogsFiles
FNDA:3,FileSystemDatasource.getLogsFromFile
FNDA:6,saveLog
FNDA:4,getLogs
DA:1,1
DA:2,1
DA:3,1
DA:4,1
DA:5,1
DA:6,1
DA:7,1
DA:8,1
DA:9,1
DA:10,1
DA:11,1
DA:12,1
DA:13,1
DA:14,8
DA:15,8
DA:16,1
DA:17,1
DA:18,8
DA:19,8
DA:20,8
DA:21,7
DA:22,7
DA:23,8
DA:24,8
DA:25,8
DA:26,8
DA:27,8
DA:28,8
DA:29,24
DA:30,21
DA:31,21
DA:32,8
DA:33,8
DA:34,1
DA:35,1
DA:36,6
DA:37,6
DA:38,6
DA:39,6
DA:40,6
DA:41,6
DA:42,4
DA:43,6
DA:44,2
DA:45,2
DA:46,2
DA:47,2
DA:48,6
DA:49,1
DA:50,1
DA:51,3
DA:52,3
DA:53,3
DA:54,3
DA:55,3
DA:56,3
DA:57,3
DA:58,3
DA:59,3
DA:60,1
DA:61,1
DA:62,4
DA:63,4
DA:64,4
DA:65,1
DA:66,4
DA:67,4
DA:68,1
DA:69,4
DA:70,4
DA:71,1
DA:72,4
DA:73,4
DA:74,1
DA:75,4
DA:76,4
DA:77,1
DA:78,1
LF:78
LH:78
BRDA:13,0,0,8
BRDA:17,1,0,8
BRDA:20,2,0,7
BRDA:28,3,0,24
BRDA:29,4,0,3
BRDA:30,5,0,21
BRDA:50,6,0,3
BRDA:52,7,0,0
BRDA:55,8,0,8
BRDA:35,9,0,6
BRDA:41,10,0,2
BRDA:42,11,0,4
BRDA:43,12,0,2
BRDA:61,13,0,4
BRDA:64,14,0,1
BRDA:67,15,0,1
BRDA:70,16,0,1
BRDA:73,17,0,1
BRF:18
BRH:17
end_of_record
TN:
SF:src\infraestructure\datasources\mongo-log.datasource.ts
FN:8,saveLog
FN:14,getLogs
FNF:2
FNH:2
FNDA:2,saveLog
FNDA:1,getLogs
DA:1,1
DA:2,1
DA:3,1
DA:4,1
DA:5,1
DA:6,1
DA:7,1
DA:8,1
DA:9,2
DA:10,2
DA:11,2
DA:12,2
DA:13,1
DA:14,1
DA:15,1
DA:16,1
DA:17,1
DA:18,1
DA:19,1
DA:20,1
DA:21,1
DA:22,1
DA:23,1
LF:23
LH:23
BRDA:8,0,0,2
BRDA:14,1,0,1
BRDA:20,2,0,1
BRF:3
BRH:3
end_of_record
TN:
SF:src\infraestructure\repositories\log.repository.impl.ts
FN:9,LogRepositoryImpl
FN:14,saveLog
FN:18,getLogs
FNF:3
FNH:3
FNDA:1,LogRepositoryImpl
FNDA:1,saveLog
FNDA:1,getLogs
DA:1,1
DA:2,1
DA:3,1
DA:4,1
DA:5,1
DA:6,1
DA:7,1
DA:8,1
DA:9,1
DA:10,1
DA:11,1
DA:12,1
DA:13,1
DA:14,1
DA:15,1
DA:16,1
DA:17,1
DA:18,1
DA:19,1
DA:20,1
DA:21,1
DA:22,1
LF:22
LH:22
BRDA:9,0,0,1
BRDA:14,1,0,1
BRDA:18,2,0,1
BRF:3
BRH:3
end_of_record
TN:
SF:src\presentation\cron\cron-service.ts
FN:7,createJob
FNF:1
FNH:1
FNDA:1,createJob
DA:1,1
DA:2,1
DA:3,1
DA:4,1
DA:5,1
DA:6,1
DA:7,1
DA:8,1
DA:9,1
DA:10,1
DA:11,1
DA:12,1
DA:13,1
DA:14,1
DA:15,1
DA:16,1
DA:17,1
DA:18,1
DA:19,1
LF:19
LH:19
BRDA:7,0,0,1
BRF:1
BRH:1
end_of_record
TN:
SF:src\presentation\email\email.service.ts
FN:26,EmailService
FN:28,sendEmail
FN:46,sendEmailWithLogs
FNF:3
FNH:3
FNDA:1,EmailService
FNDA:2,sendEmail
FNDA:1,sendEmailWithLogs
DA:1,1
DA:2,1
DA:3,1
DA:4,1
DA:5,1
DA:6,1
DA:7,1
DA:8,1
DA:9,1
DA:10,1
DA:11,1
DA:12,1
DA:13,1
DA:14,1
DA:15,1
DA:16,1
DA:17,1
DA:18,1
DA:19,1
DA:20,1
DA:21,1
DA:22,1
DA:23,1
DA:24,1
DA:25,1
DA:26,1
DA:27,1
DA:28,1
DA:29,2
DA:30,2
DA:31,2
DA:32,2
DA:33,2
DA:34,2
DA:35,2
DA:36,2
DA:37,2
DA:38,2
DA:39,2
DA:40,2
DA:41,2
DA:42,0
DA:43,0
DA:44,2
DA:45,1
DA:46,1
DA:47,1
DA:48,1
DA:49,1
DA:50,1
DA:51,1
DA:52,1
DA:53,1
DA:54,1
DA:55,1
DA:56,1
DA:57,1
DA:58,1
DA:59,1
DA:60,1
DA:61,1
DA:62,1
DA:63,1
DA:64,1
LF:64
LH:62
BRDA:26,0,0,1
BRDA:28,1,0,2
BRDA:41,2,0,0
BRDA:46,3,0,1
BRF:4
BRH:3
end_of_record
